<?xml version="1.0" encoding="UTF-8"?>
<testng-results skipped="0" failed="0" ignored="0" total="1" passed="1">
  <reporter-output>
  </reporter-output>
  <suite name="Default suite" duration-ms="9461" started-at="2020-01-11T14:09:00 EET" finished-at="2020-01-11T14:09:10 EET">
    <groups>
    </groups>
    <test name="Default test" duration-ms="9461" started-at="2020-01-11T14:09:00 EET" finished-at="2020-01-11T14:09:10 EET">
      <class name="com.trainings.maven.Locators.CreateNewAccountTest">
        <test-method status="PASS" signature="setUp()[pri:0, instance:com.trainings.maven.Locators.CreateNewAccountTest@7fac631b]" name="setUp" is-config="true" duration-ms="4888" started-at="2020-01-11T14:09:00 EET" finished-at="2020-01-11T14:09:05 EET">
          <reporter-output>
          </reporter-output>
        </test-method> <!-- setUp -->
        <test-method status="PASS" signature="createNewAccount()[pri:0, instance:com.trainings.maven.Locators.CreateNewAccountTest@7fac631b]" name="createNewAccount" duration-ms="3911" started-at="2020-01-11T14:09:05 EET" finished-at="2020-01-11T14:09:09 EET">
          <reporter-output>
          </reporter-output>
        </test-method> <!-- createNewAccount -->
        <test-method status="PASS" signature="closeBrowser()[pri:0, instance:com.trainings.maven.Locators.CreateNewAccountTest@7fac631b]" name="closeBrowser" is-config="true" duration-ms="626" started-at="2020-01-11T14:09:09 EET" finished-at="2020-01-11T14:09:10 EET">
          <reporter-output>
          </reporter-output>
        </test-method> <!-- closeBrowser -->
      </class> <!-- com.trainings.maven.Locators.CreateNewAccountTest -->
    </test> <!-- Default test -->
  </suite> <!-- Default suite -->
</testng-results>
