<?xml version="1.0" encoding="UTF-8"?>
<testng-results skipped="0" failed="0" ignored="0" total="1" passed="1">
  <reporter-output>
  </reporter-output>
  <suite name="Default suite" duration-ms="17192" started-at="2020-01-05T13:42:19 EET" finished-at="2020-01-05T13:42:37 EET">
    <groups>
    </groups>
    <test name="Default test" duration-ms="17192" started-at="2020-01-05T13:42:19 EET" finished-at="2020-01-05T13:42:37 EET">
      <class name="com.trainings.maven.Vinted.SelectUmbrellasTest">
        <test-method status="PASS" signature="setUp()[pri:0, instance:com.trainings.maven.Vinted.SelectUmbrellasTest@7fac631b]" name="setUp" is-config="true" duration-ms="9698" started-at="2020-01-05T13:42:19 EET" finished-at="2020-01-05T13:42:29 EET">
          <reporter-output>
          </reporter-output>
        </test-method> <!-- setUp -->
        <test-method status="PASS" signature="searchElement()[pri:0, instance:com.trainings.maven.Vinted.SelectUmbrellasTest@7fac631b]" name="searchElement" duration-ms="6769" started-at="2020-01-05T13:42:29 EET" finished-at="2020-01-05T13:42:36 EET">
          <reporter-output>
          </reporter-output>
        </test-method> <!-- searchElement -->
        <test-method status="PASS" signature="closeBrowser()[pri:0, instance:com.trainings.maven.Vinted.SelectUmbrellasTest@7fac631b]" name="closeBrowser" is-config="true" duration-ms="706" started-at="2020-01-05T13:42:36 EET" finished-at="2020-01-05T13:42:37 EET">
          <reporter-output>
          </reporter-output>
        </test-method> <!-- closeBrowser -->
      </class> <!-- com.trainings.maven.Vinted.SelectUmbrellasTest -->
    </test> <!-- Default test -->
  </suite> <!-- Default suite -->
</testng-results>
