<?xml version="1.0" encoding="UTF-8"?>
<!-- Generated by org.testng.reporters.JUnitXMLReporter -->
<testsuite hostname="DESKTOP-L0NDSU4" ignored="0" name="Testing Suite" tests="2" failures="0" timestamp="2020-01-16T10:53:20 EET" time="25.826" errors="0">
  <testcase name="createNewAccount" time="2.816" classname="com.trainings.maven.Exam2019.CreateNewAccountTest"/>
  <testcase name="searchProductName" time="11.32" classname="com.trainings.maven.Exam2019.CheckProductExistsTest"/>
</testsuite> <!-- Testing Suite -->
