<?xml version="1.0" encoding="UTF-8"?>
<testng-results skipped="0" failed="0" ignored="0" total="2" passed="2">
  <reporter-output>
  </reporter-output>
  <suite name="Suite" duration-ms="25826" started-at="2020-01-16T10:52:54 EET" finished-at="2020-01-16T10:53:20 EET">
    <groups>
    </groups>
    <test name="Testing Suite" duration-ms="25826" started-at="2020-01-16T10:52:54 EET" finished-at="2020-01-16T10:53:20 EET">
      <class name="com.trainings.maven.Exam2019.CreateNewAccountTest">
        <test-method status="PASS" signature="setUp()[pri:0, instance:com.trainings.maven.Exam2019.CreateNewAccountTest@551aa95a]" name="setUp" is-config="true" duration-ms="6136" started-at="2020-01-16T10:52:54 EET" finished-at="2020-01-16T10:53:00 EET">
          <reporter-output>
          </reporter-output>
        </test-method> <!-- setUp -->
        <test-method status="PASS" signature="createNewAccount()[pri:0, instance:com.trainings.maven.Exam2019.CreateNewAccountTest@551aa95a]" name="createNewAccount" duration-ms="2816" started-at="2020-01-16T10:53:00 EET" finished-at="2020-01-16T10:53:03 EET">
          <reporter-output>
          </reporter-output>
        </test-method> <!-- createNewAccount -->
        <test-method status="PASS" signature="closeBrowser()[pri:0, instance:com.trainings.maven.Exam2019.CreateNewAccountTest@551aa95a]" name="closeBrowser" is-config="true" duration-ms="647" started-at="2020-01-16T10:53:03 EET" finished-at="2020-01-16T10:53:03 EET">
          <reporter-output>
          </reporter-output>
        </test-method> <!-- closeBrowser -->
      </class> <!-- com.trainings.maven.Exam2019.CreateNewAccountTest -->
      <class name="com.trainings.maven.Exam2019.CheckProductExistsTest">
        <test-method status="PASS" signature="setUp()[pri:0, instance:com.trainings.maven.Exam2019.CheckProductExistsTest@35d176f7]" name="setUp" is-config="true" duration-ms="4225" started-at="2020-01-16T10:53:03 EET" finished-at="2020-01-16T10:53:08 EET">
          <reporter-output>
          </reporter-output>
        </test-method> <!-- setUp -->
        <test-method status="PASS" signature="searchProductName()[pri:0, instance:com.trainings.maven.Exam2019.CheckProductExistsTest@35d176f7]" name="searchProductName" duration-ms="11320" started-at="2020-01-16T10:53:08 EET" finished-at="2020-01-16T10:53:19 EET">
          <reporter-output>
          </reporter-output>
        </test-method> <!-- searchProductName -->
        <test-method status="PASS" signature="closeBrowser()[pri:0, instance:com.trainings.maven.Exam2019.CheckProductExistsTest@35d176f7]" name="closeBrowser" is-config="true" duration-ms="647" started-at="2020-01-16T10:53:19 EET" finished-at="2020-01-16T10:53:20 EET">
          <reporter-output>
          </reporter-output>
        </test-method> <!-- closeBrowser -->
      </class> <!-- com.trainings.maven.Exam2019.CheckProductExistsTest -->
    </test> <!-- Testing Suite -->
  </suite> <!-- Suite -->
</testng-results>
