<?xml version="1.0" encoding="UTF-8"?>
<!-- Generated by org.testng.reporters.JUnitXMLReporter -->
<testsuite hostname="DESKTOP-L0NDSU4" name="Testing Suite" tests="8" failures="0" timestamp="16 Jan 2020 19:25:45 GMT" time="9.413" errors="0">
  <testcase name="assertSearchField" time="0.056" classname="com.trainings.maven.TestNG.TestNGExample1POM"/>
  <testcase name="assertSearchField" time="0.012" classname="com.trainings.maven.TestNG.TestNGExample2POM"/>
  <testcase name="assertWishListButton" time="0.039" classname="com.trainings.maven.TestNG.TestNGExample1POM"/>
  <testcase name="wishListNotNullText" time="0.025" classname="com.trainings.maven.TestNG.TestNGExample1POM"/>
  <testcase name="sendKeys" time="0.96" classname="com.trainings.maven.TestNG.TestNGExample1POM"/>
  <testcase name="assertDropdown" time="2.374" classname="com.trainings.maven.TestNG.TestNGExample1POM"/>
  <testcase name="assertAgreeCheckbox" time="0.559" classname="com.trainings.maven.TestNG.TestNGExample1POM"/>
  <testcase name="assertNullExample" time="0.001" classname="com.trainings.maven.TestNG.TestNGExample1POM"/>
</testsuite> <!-- Testing Suite -->
